<?xml version="1.0" encoding="UTF-8"?>
<testng-results ignored="0" total="8" passed="7" failed="1" skipped="0">
  <reporter-output>
  </reporter-output>
  <suite started-at="2025-05-27T16:55:18 IST" name="Sanity Suite for Swag Labs" finished-at="2025-05-27T16:55:43 IST" duration-ms="25011">
    <groups>
    </groups>
    <test started-at="2025-05-27T16:55:18 IST" name="Sanity Tests" finished-at="2025-05-27T16:55:43 IST" duration-ms="25011">
      <class name="SwagLabs.TestCases.HomePageTest">
        <test-method is-config="true" signature="setUp()[pri:0, instance:SwagLabs.TestCases.HomePageTest@23348b5d]" started-at="2025-05-27T16:55:18 IST" name="setUp" finished-at="2025-05-27T16:55:22 IST" duration-ms="3728" status="PASS">
          <reporter-output>
          </reporter-output>
        </test-method> <!-- setUp -->
        <test-method signature="verifyHomePageTitleTest()[pri:1, instance:SwagLabs.TestCases.HomePageTest@23348b5d]" started-at="2025-05-27T16:55:22 IST" name="verifyHomePageTitleTest" finished-at="2025-05-27T16:55:27 IST" duration-ms="5024" status="PASS">
          <reporter-output>
          </reporter-output>
        </test-method> <!-- verifyHomePageTitleTest -->
        <test-method is-config="true" signature="tearDown()[pri:0, instance:SwagLabs.TestCases.HomePageTest@23348b5d]" started-at="2025-05-27T16:55:27 IST" name="tearDown" finished-at="2025-05-27T16:55:27 IST" duration-ms="364" status="PASS">
          <reporter-output>
          </reporter-output>
        </test-method> <!-- tearDown -->
        <test-method is-config="true" signature="setUp()[pri:0, instance:SwagLabs.TestCases.HomePageTest@23348b5d]" started-at="2025-05-27T16:55:27 IST" name="setUp" finished-at="2025-05-27T16:55:30 IST" duration-ms="2545" status="PASS">
          <reporter-output>
          </reporter-output>
        </test-method> <!-- setUp -->
        <test-method signature="verifyBackpackImageTest()[pri:2, instance:SwagLabs.TestCases.HomePageTest@23348b5d]" started-at="2025-05-27T16:55:30 IST" name="verifyBackpackImageTest" finished-at="2025-05-27T16:55:30 IST" duration-ms="41" status="FAIL">
          <exception class="org.openqa.selenium.NoAlertPresentException">
            <message>
              <![CDATA[no such alert
  (Session info: chrome=136.0.7103.114)
Build info: version: '4.19.1', revision: 'abe0ee07dc'
System info: os.name: 'Windows 11', os.arch: 'amd64', os.version: '10.0', java.version: '23.0.2'
Driver info: org.openqa.selenium.chrome.ChromeDriver
Command: [d28526fe14edb2b4ac0342325303d261, getAlertText {}]
Capabilities {acceptInsecureCerts: false, browserName: chrome, browserVersion: 136.0.7103.114, chrome: {chromedriverVersion: 136.0.7103.113 (76fa3c17824..., userDataDir: C:\Users\Sadiq\AppData\Loca...}, fedcm:accounts: true, goog:chromeOptions: {debuggerAddress: localhost:54131}, networkConnectionEnabled: false, pageLoadStrategy: normal, platformName: windows, proxy: Proxy(), se:cdp: ws://localhost:54131/devtoo..., se:cdpVersion: 136.0.7103.114, setWindowRect: true, strictFileInteractability: false, timeouts: {implicit: 0, pageLoad: 300000, script: 30000}, unhandledPromptBehavior: dismiss and notify, webauthn:extension:credBlob: true, webauthn:extension:largeBlob: true, webauthn:extension:minPinLength: true, webauthn:extension:prf: true, webauthn:virtualAuthenticators: true}
Session ID: d28526fe14edb2b4ac0342325303d261]]>
            </message>
            <full-stacktrace>
              <![CDATA[org.openqa.selenium.NoAlertPresentException: no such alert
  (Session info: chrome=136.0.7103.114)
Build info: version: '4.19.1', revision: 'abe0ee07dc'
System info: os.name: 'Windows 11', os.arch: 'amd64', os.version: '10.0', java.version: '23.0.2'
Driver info: org.openqa.selenium.chrome.ChromeDriver
Command: [d28526fe14edb2b4ac0342325303d261, getAlertText {}]
Capabilities {acceptInsecureCerts: false, browserName: chrome, browserVersion: 136.0.7103.114, chrome: {chromedriverVersion: 136.0.7103.113 (76fa3c17824..., userDataDir: C:\Users\Sadiq\AppData\Loca...}, fedcm:accounts: true, goog:chromeOptions: {debuggerAddress: localhost:54131}, networkConnectionEnabled: false, pageLoadStrategy: normal, platformName: windows, proxy: Proxy(), se:cdp: ws://localhost:54131/devtoo..., se:cdpVersion: 136.0.7103.114, setWindowRect: true, strictFileInteractability: false, timeouts: {implicit: 0, pageLoad: 300000, script: 30000}, unhandledPromptBehavior: dismiss and notify, webauthn:extension:credBlob: true, webauthn:extension:largeBlob: true, webauthn:extension:minPinLength: true, webauthn:extension:prf: true, webauthn:virtualAuthenticators: true}
Session ID: d28526fe14edb2b4ac0342325303d261
at java.base/jdk.internal.reflect.DirectConstructorHandleAccessor.newInstance(DirectConstructorHandleAccessor.java:62)
at java.base/java.lang.reflect.Constructor.newInstanceWithCaller(Constructor.java:501)
at java.base/java.lang.reflect.Constructor.newInstance(Constructor.java:485)
at org.openqa.selenium.remote.ErrorCodec.decode(ErrorCodec.java:167)
at org.openqa.selenium.remote.codec.w3c.W3CHttpResponseCodec.decode(W3CHttpResponseCodec.java:138)
at org.openqa.selenium.remote.codec.w3c.W3CHttpResponseCodec.decode(W3CHttpResponseCodec.java:50)
at org.openqa.selenium.remote.HttpCommandExecutor.execute(HttpCommandExecutor.java:190)
at org.openqa.selenium.remote.service.DriverCommandExecutor.invokeExecute(DriverCommandExecutor.java:216)
at org.openqa.selenium.remote.service.DriverCommandExecutor.execute(DriverCommandExecutor.java:174)
at org.openqa.selenium.remote.RemoteWebDriver.execute(RemoteWebDriver.java:518)
at org.openqa.selenium.remote.RemoteWebDriver.execute(RemoteWebDriver.java:591)
at org.openqa.selenium.remote.RemoteWebDriver.execute(RemoteWebDriver.java:595)
at org.openqa.selenium.remote.RemoteWebDriver$RemoteTargetLocator.alert(RemoteWebDriver.java:1163)
at java.base/jdk.internal.reflect.DirectMethodHandleAccessor.invoke(DirectMethodHandleAccessor.java:103)
at java.base/java.lang.reflect.Method.invoke(Method.java:580)
at org.openqa.selenium.support.decorators.WebDriverDecorator.call(WebDriverDecorator.java:249)
at org.openqa.selenium.support.decorators.DefaultDecorated.call(DefaultDecorated.java:48)
at org.openqa.selenium.support.decorators.WebDriverDecorator.lambda$createProxy$2(WebDriverDecorator.java:321)
at net.bytebuddy.renamed.java.lang.Object$ByteBuddy$Odfiqthy.alert(Unknown Source)
at SwagLabs.TestCases.HomePageTest.verifyBackpackImageTest(HomePageTest.java:42)
at java.base/jdk.internal.reflect.DirectMethodHandleAccessor.invoke(DirectMethodHandleAccessor.java:103)
at java.base/java.lang.reflect.Method.invoke(Method.java:580)
at org.testng.internal.invokers.MethodInvocationHelper.invokeMethod(MethodInvocationHelper.java:141)
at org.testng.internal.invokers.TestInvoker.invokeMethod(TestInvoker.java:687)
at org.testng.internal.invokers.TestInvoker.invokeTestMethod(TestInvoker.java:230)
at org.testng.internal.invokers.MethodRunner.runInSequence(MethodRunner.java:63)
at org.testng.internal.invokers.TestInvoker$MethodInvocationAgent.invoke(TestInvoker.java:995)
at org.testng.internal.invokers.TestInvoker.invokeTestMethods(TestInvoker.java:203)
at org.testng.internal.invokers.TestMethodWorker.invokeTestMethods(TestMethodWorker.java:154)
at org.testng.internal.invokers.TestMethodWorker.run(TestMethodWorker.java:134)
at java.base/java.util.ArrayList.forEach(ArrayList.java:1597)
at org.testng.TestRunner.privateRun(TestRunner.java:741)
at org.testng.TestRunner.run(TestRunner.java:616)
at org.testng.SuiteRunner.runTest(SuiteRunner.java:421)
at org.testng.SuiteRunner.runSequentially(SuiteRunner.java:413)
at org.testng.SuiteRunner.privateRun(SuiteRunner.java:373)
at org.testng.SuiteRunner.run(SuiteRunner.java:312)
at org.testng.SuiteRunnerWorker.runSuite(SuiteRunnerWorker.java:52)
at org.testng.SuiteRunnerWorker.run(SuiteRunnerWorker.java:95)
at org.testng.TestNG.runSuitesSequentially(TestNG.java:1274)
at org.testng.TestNG.runSuitesLocally(TestNG.java:1208)
at org.testng.TestNG.runSuites(TestNG.java:1112)
at org.testng.TestNG.run(TestNG.java:1079)
at org.testng.remote.AbstractRemoteTestNG.run(AbstractRemoteTestNG.java:115)
at org.testng.remote.RemoteTestNG.initAndRun(RemoteTestNG.java:293)
at org.testng.remote.RemoteTestNG.main(RemoteTestNG.java:91)
]]>
            </full-stacktrace>
          </exception> <!-- org.openqa.selenium.NoAlertPresentException -->
          <reporter-output>
          </reporter-output>
        </test-method> <!-- verifyBackpackImageTest -->
        <test-method is-config="true" signature="tearDown()[pri:0, instance:SwagLabs.TestCases.HomePageTest@23348b5d]" started-at="2025-05-27T16:55:30 IST" name="tearDown" finished-at="2025-05-27T16:55:30 IST" duration-ms="211" status="PASS">
          <reporter-output>
          </reporter-output>
        </test-method> <!-- tearDown -->
        <test-method is-config="true" signature="setUp()[pri:0, instance:SwagLabs.TestCases.HomePageTest@23348b5d]" started-at="2025-05-27T16:55:30 IST" name="setUp" finished-at="2025-05-27T16:55:32 IST" duration-ms="2168" status="PASS">
          <reporter-output>
          </reporter-output>
        </test-method> <!-- setUp -->
        <test-method signature="verifyBackpackPriceTextTest()[pri:3, instance:SwagLabs.TestCases.HomePageTest@23348b5d]" started-at="2025-05-27T16:55:32 IST" name="verifyBackpackPriceTextTest" finished-at="2025-05-27T16:55:32 IST" duration-ms="50" status="PASS">
          <reporter-output>
          </reporter-output>
        </test-method> <!-- verifyBackpackPriceTextTest -->
        <test-method is-config="true" signature="tearDown()[pri:0, instance:SwagLabs.TestCases.HomePageTest@23348b5d]" started-at="2025-05-27T16:55:32 IST" name="tearDown" finished-at="2025-05-27T16:55:32 IST" duration-ms="169" status="PASS">
          <reporter-output>
          </reporter-output>
        </test-method> <!-- tearDown -->
        <test-method is-config="true" signature="setUp()[pri:0, instance:SwagLabs.TestCases.HomePageTest@23348b5d]" started-at="2025-05-27T16:55:32 IST" name="setUp" finished-at="2025-05-27T16:55:35 IST" duration-ms="2310" status="PASS">
          <reporter-output>
          </reporter-output>
        </test-method> <!-- setUp -->
        <test-method signature="clickAddToCartTest()[pri:4, instance:SwagLabs.TestCases.HomePageTest@23348b5d]" started-at="2025-05-27T16:55:35 IST" name="clickAddToCartTest" finished-at="2025-05-27T16:55:35 IST" duration-ms="94" status="PASS">
          <reporter-output>
          </reporter-output>
        </test-method> <!-- clickAddToCartTest -->
        <test-method is-config="true" signature="tearDown()[pri:0, instance:SwagLabs.TestCases.HomePageTest@23348b5d]" started-at="2025-05-27T16:55:35 IST" name="tearDown" finished-at="2025-05-27T16:55:35 IST" duration-ms="224" status="PASS">
          <reporter-output>
          </reporter-output>
        </test-method> <!-- tearDown -->
        <test-method is-config="true" signature="setUp()[pri:0, instance:SwagLabs.TestCases.HomePageTest@23348b5d]" started-at="2025-05-27T16:55:35 IST" name="setUp" finished-at="2025-05-27T16:55:37 IST" duration-ms="1888" status="PASS">
          <reporter-output>
          </reporter-output>
        </test-method> <!-- setUp -->
        <test-method signature="clickCartIconTest()[pri:5, instance:SwagLabs.TestCases.HomePageTest@23348b5d]" started-at="2025-05-27T16:55:37 IST" name="clickCartIconTest" finished-at="2025-05-27T16:55:37 IST" duration-ms="114" status="PASS">
          <reporter-output>
          </reporter-output>
        </test-method> <!-- clickCartIconTest -->
        <test-method is-config="true" signature="tearDown()[pri:0, instance:SwagLabs.TestCases.HomePageTest@23348b5d]" started-at="2025-05-27T16:55:37 IST" name="tearDown" finished-at="2025-05-27T16:55:37 IST" duration-ms="230" status="PASS">
          <reporter-output>
          </reporter-output>
        </test-method> <!-- tearDown -->
      </class> <!-- SwagLabs.TestCases.HomePageTest -->
      <class name="SwagLabs.TestCases.LoginPageTest">
        <test-method is-config="true" signature="setUp()[pri:0, instance:SwagLabs.TestCases.LoginPageTest@10aa41f2]" started-at="2025-05-27T16:55:37 IST" name="setUp" finished-at="2025-05-27T16:55:39 IST" duration-ms="1529" status="PASS">
          <reporter-output>
          </reporter-output>
        </test-method> <!-- setUp -->
        <test-method signature="LoginPageTitleTest()[pri:1, instance:SwagLabs.TestCases.LoginPageTest@10aa41f2]" started-at="2025-05-27T16:55:39 IST" name="LoginPageTitleTest" finished-at="2025-05-27T16:55:39 IST" duration-ms="12" status="PASS">
          <reporter-output>
          </reporter-output>
        </test-method> <!-- LoginPageTitleTest -->
        <test-method is-config="true" signature="tearDown()[pri:0, instance:SwagLabs.TestCases.LoginPageTest@10aa41f2]" started-at="2025-05-27T16:55:39 IST" name="tearDown" finished-at="2025-05-27T16:55:39 IST" duration-ms="182" status="PASS">
          <reporter-output>
          </reporter-output>
        </test-method> <!-- tearDown -->
        <test-method is-config="true" signature="setUp()[pri:0, instance:SwagLabs.TestCases.LoginPageTest@10aa41f2]" started-at="2025-05-27T16:55:39 IST" name="setUp" finished-at="2025-05-27T16:55:41 IST" duration-ms="1545" status="PASS">
          <reporter-output>
          </reporter-output>
        </test-method> <!-- setUp -->
        <test-method signature="SwagLabsLogoTest()[pri:2, instance:SwagLabs.TestCases.LoginPageTest@10aa41f2]" started-at="2025-05-27T16:55:41 IST" name="SwagLabsLogoTest" finished-at="2025-05-27T16:55:41 IST" duration-ms="58" status="PASS">
          <reporter-output>
          </reporter-output>
        </test-method> <!-- SwagLabsLogoTest -->
        <test-method is-config="true" signature="tearDown()[pri:0, instance:SwagLabs.TestCases.LoginPageTest@10aa41f2]" started-at="2025-05-27T16:55:41 IST" name="tearDown" finished-at="2025-05-27T16:55:41 IST" duration-ms="199" status="PASS">
          <reporter-output>
          </reporter-output>
        </test-method> <!-- tearDown -->
        <test-method is-config="true" signature="setUp()[pri:0, instance:SwagLabs.TestCases.LoginPageTest@10aa41f2]" started-at="2025-05-27T16:55:41 IST" name="setUp" finished-at="2025-05-27T16:55:42 IST" duration-ms="1535" status="PASS">
          <reporter-output>
          </reporter-output>
        </test-method> <!-- setUp -->
        <test-method signature="LoginTest()[pri:3, instance:SwagLabs.TestCases.LoginPageTest@10aa41f2]" started-at="2025-05-27T16:55:42 IST" name="LoginTest" finished-at="2025-05-27T16:55:43 IST" duration-ms="478" status="PASS">
          <reporter-output>
          </reporter-output>
        </test-method> <!-- LoginTest -->
        <test-method is-config="true" signature="tearDown()[pri:0, instance:SwagLabs.TestCases.LoginPageTest@10aa41f2]" started-at="2025-05-27T16:55:43 IST" name="tearDown" finished-at="2025-05-27T16:55:43 IST" duration-ms="220" status="PASS">
          <reporter-output>
          </reporter-output>
        </test-method> <!-- tearDown -->
      </class> <!-- SwagLabs.TestCases.LoginPageTest -->
    </test> <!-- Sanity Tests -->
  </suite> <!-- Sanity Suite for Swag Labs -->
</testng-results>
