<?xml version="1.0" encoding="UTF-8"?>
<!-- Generated by org.testng.reporters.JUnitXMLReporter -->
<testsuite ignored="0" hostname="DESKTOP-3N5LA56" failures="0" tests="3" name="Default test" time="7.536" errors="0" timestamp="2025-05-27T02:18:23 IST">
  <testcase classname="SwagLabs.TestCases.LoginPageTest" name="LoginPageTitleTest" time="0.02"/>
  <testcase classname="SwagLabs.TestCases.LoginPageTest" name="SwagLabsLogoTest" time="0.086"/>
  <testcase classname="SwagLabs.TestCases.LoginPageTest" name="LoginTest" time="0.5"/>
</testsuite> <!-- Default test -->
